[20-Jan-2021 21:56:32 UTC] PHP Parse error:  syntax error, unexpected '/' in C:\Users\Usuario\Local Sites\afrodita\app\public\wp-content\themes\afrodita\header.php on line 22
[20-Jan-2021 21:57:00 UTC] PHP Parse error:  syntax error, unexpected '<', expecting end of file in C:\Users\Usuario\Local Sites\afrodita\app\public\wp-content\themes\afrodita\header.php on line 22
[30-Jan-2021 00:38:50 UTC] PHP Parse error:  syntax error, unexpected '<', expecting end of file in C:\Users\Usuario\Local Sites\afrodita\app\public\wp-content\themes\afrodita\page-no-sidebars.php on line 5
[01-Feb-2021 21:44:34 UTC] PHP Fatal error:  Uncaught Error: Call to undefined function the_post_thumbnails() in C:\Users\Usuario\Local Sites\afrodita\app\public\wp-content\themes\afrodita\inc\queries.php:14
Stack trace:
#0 C:\Users\Usuario\Local Sites\afrodita\app\public\wp-content\themes\afrodita\page-servicios.php(7): afrodita_lista_clases()
#1 C:\Users\Usuario\Local Sites\afrodita\app\public\wp-includes\template-loader.php(106): include('C:\\Users\\Usuari...')
#2 C:\Users\Usuario\Local Sites\afrodita\app\public\wp-blog-header.php(19): require_once('C:\\Users\\Usuari...')
#3 C:\Users\Usuario\Local Sites\afrodita\app\public\index.php(17): require('C:\\Users\\Usuari...')
#4 {main}
  thrown in C:\Users\Usuario\Local Sites\afrodita\app\public\wp-content\themes\afrodita\inc\queries.php on line 14
[02-Feb-2021 17:38:05 UTC] PHP Warning:  call_user_func_array() expects parameter 1 to be a valid callback, function 'Aqui va contenido sobre' not found or invalid function name in C:\Users\Usuario\Local Sites\afrodita\app\public\wp-includes\class-wp-hook.php on line 287
[02-Feb-2021 17:38:05 UTC] PHP Stack trace:
[02-Feb-2021 17:38:05 UTC] PHP   1. {main}() C:\Users\Usuario\Local Sites\afrodita\app\public\wp-admin\themes.php:0
[02-Feb-2021 17:38:05 UTC] PHP   2. require_once() C:\Users\Usuario\Local Sites\afrodita\app\public\wp-admin\themes.php:10
[02-Feb-2021 17:38:05 UTC] PHP   3. require_once() C:\Users\Usuario\Local Sites\afrodita\app\public\wp-admin\admin.php:34
[02-Feb-2021 17:38:05 UTC] PHP   4. require_once() C:\Users\Usuario\Local Sites\afrodita\app\public\wp-load.php:37
[02-Feb-2021 17:38:05 UTC] PHP   5. require_once() C:\Users\Usuario\Local Sites\afrodita\app\public\wp-config.php:77
[02-Feb-2021 17:38:05 UTC] PHP   6. do_action() C:\Users\Usuario\Local Sites\afrodita\app\public\wp-settings.php:557
[02-Feb-2021 17:38:05 UTC] PHP   7. WP_Hook->do_action() C:\Users\Usuario\Local Sites\afrodita\app\public\wp-includes\plugin.php:484
[02-Feb-2021 17:38:05 UTC] PHP   8. WP_Hook->apply_filters() C:\Users\Usuario\Local Sites\afrodita\app\public\wp-includes\class-wp-hook.php:311
[02-Feb-2021 17:38:05 UTC] PHP   9. wp_widgets_init() C:\Users\Usuario\Local Sites\afrodita\app\public\wp-includes\class-wp-hook.php:287
[02-Feb-2021 17:38:05 UTC] PHP  10. do_action() C:\Users\Usuario\Local Sites\afrodita\app\public\wp-includes\widgets.php:1795
[02-Feb-2021 17:38:05 UTC] PHP  11. WP_Hook->do_action() C:\Users\Usuario\Local Sites\afrodita\app\public\wp-includes\plugin.php:484
[02-Feb-2021 17:38:05 UTC] PHP  12. WP_Hook->apply_filters() C:\Users\Usuario\Local Sites\afrodita\app\public\wp-includes\class-wp-hook.php:311
[02-Feb-2021 17:38:05 UTC] PHP Warning:  Cannot modify header information - headers already sent by (output started at C:\Users\Usuario\Local Sites\afrodita\app\public\wp-includes\class-wp-hook.php:287) in C:\Users\Usuario\Local Sites\afrodita\app\public\wp-includes\functions.php on line 6360
[02-Feb-2021 17:38:05 UTC] PHP Stack trace:
[02-Feb-2021 17:38:05 UTC] PHP   1. {main}() C:\Users\Usuario\Local Sites\afrodita\app\public\wp-admin\themes.php:0
[02-Feb-2021 17:38:05 UTC] PHP   2. require_once() C:\Users\Usuario\Local Sites\afrodita\app\public\wp-admin\themes.php:10
[02-Feb-2021 17:38:05 UTC] PHP   3. do_action() C:\Users\Usuario\Local Sites\afrodita\app\public\wp-admin\admin.php:175
[02-Feb-2021 17:38:05 UTC] PHP   4. WP_Hook->do_action() C:\Users\Usuario\Local Sites\afrodita\app\public\wp-includes\plugin.php:484
[02-Feb-2021 17:38:05 UTC] PHP   5. WP_Hook->apply_filters() C:\Users\Usuario\Local Sites\afrodita\app\public\wp-includes\class-wp-hook.php:311
[02-Feb-2021 17:38:05 UTC] PHP   6. send_frame_options_header() C:\Users\Usuario\Local Sites\afrodita\app\public\wp-includes\class-wp-hook.php:285
[02-Feb-2021 17:38:05 UTC] PHP   7. header() C:\Users\Usuario\Local Sites\afrodita\app\public\wp-includes\functions.php:6360
[02-Feb-2021 17:38:05 UTC] PHP Warning:  Cannot modify header information - headers already sent by (output started at C:\Users\Usuario\Local Sites\afrodita\app\public\wp-includes\class-wp-hook.php:287) in C:\Users\Usuario\Local Sites\afrodita\app\public\wp-admin\includes\misc.php on line 1310
[02-Feb-2021 17:38:05 UTC] PHP Stack trace:
[02-Feb-2021 17:38:05 UTC] PHP   1. {main}() C:\Users\Usuario\Local Sites\afrodita\app\public\wp-admin\themes.php:0
[02-Feb-2021 17:38:05 UTC] PHP   2. require_once() C:\Users\Usuario\Local Sites\afrodita\app\public\wp-admin\themes.php:10
[02-Feb-2021 17:38:05 UTC] PHP   3. do_action() C:\Users\Usuario\Local Sites\afrodita\app\public\wp-admin\admin.php:175
[02-Feb-2021 17:38:05 UTC] PHP   4. WP_Hook->do_action() C:\Users\Usuario\Local Sites\afrodita\app\public\wp-includes\plugin.php:484
[02-Feb-2021 17:38:05 UTC] PHP   5. WP_Hook->apply_filters() C:\Users\Usuario\Local Sites\afrodita\app\public\wp-includes\class-wp-hook.php:311
[02-Feb-2021 17:38:05 UTC] PHP   6. wp_admin_headers() C:\Users\Usuario\Local Sites\afrodita\app\public\wp-includes\class-wp-hook.php:287
[02-Feb-2021 17:38:05 UTC] PHP   7. header() C:\Users\Usuario\Local Sites\afrodita\app\public\wp-admin\includes\misc.php:1310
[02-Feb-2021 17:38:05 UTC] PHP Warning:  Cannot modify header information - headers already sent by (output started at C:\Users\Usuario\Local Sites\afrodita\app\public\wp-includes\class-wp-hook.php:287) in C:\Users\Usuario\Local Sites\afrodita\app\public\wp-admin\admin-header.php on line 9
[02-Feb-2021 17:38:05 UTC] PHP Stack trace:
[02-Feb-2021 17:38:05 UTC] PHP   1. {main}() C:\Users\Usuario\Local Sites\afrodita\app\public\wp-admin\themes.php:0
[02-Feb-2021 17:38:05 UTC] PHP   2. require_once() C:\Users\Usuario\Local Sites\afrodita\app\public\wp-admin\themes.php:244
[02-Feb-2021 17:38:05 UTC] PHP   3. header() C:\Users\Usuario\Local Sites\afrodita\app\public\wp-admin\admin-header.php:9
[02-Feb-2021 17:38:06 UTC] PHP Warning:  call_user_func_array() expects parameter 1 to be a valid callback, function 'Aqui va contenido sobre' not found or invalid function name in C:\Users\Usuario\Local Sites\afrodita\app\public\wp-includes\class-wp-hook.php on line 287
[02-Feb-2021 17:38:06 UTC] PHP Stack trace:
[02-Feb-2021 17:38:06 UTC] PHP   1. {main}() C:\Users\Usuario\Local Sites\afrodita\app\public\index.php:0
[02-Feb-2021 17:38:06 UTC] PHP   2. require() C:\Users\Usuario\Local Sites\afrodita\app\public\index.php:17
[02-Feb-2021 17:38:06 UTC] PHP   3. require_once() C:\Users\Usuario\Local Sites\afrodita\app\public\wp-blog-header.php:13
[02-Feb-2021 17:38:06 UTC] PHP   4. require_once() C:\Users\Usuario\Local Sites\afrodita\app\public\wp-load.php:37
[02-Feb-2021 17:38:06 UTC] PHP   5. require_once() C:\Users\Usuario\Local Sites\afrodita\app\public\wp-config.php:77
[02-Feb-2021 17:38:06 UTC] PHP   6. do_action() C:\Users\Usuario\Local Sites\afrodita\app\public\wp-settings.php:557
[02-Feb-2021 17:38:06 UTC] PHP   7. WP_Hook->do_action() C:\Users\Usuario\Local Sites\afrodita\app\public\wp-includes\plugin.php:484
[02-Feb-2021 17:38:06 UTC] PHP   8. WP_Hook->apply_filters() C:\Users\Usuario\Local Sites\afrodita\app\public\wp-includes\class-wp-hook.php:311
[02-Feb-2021 17:38:06 UTC] PHP   9. wp_widgets_init() C:\Users\Usuario\Local Sites\afrodita\app\public\wp-includes\class-wp-hook.php:287
[02-Feb-2021 17:38:06 UTC] PHP  10. do_action() C:\Users\Usuario\Local Sites\afrodita\app\public\wp-includes\widgets.php:1795
[02-Feb-2021 17:38:06 UTC] PHP  11. WP_Hook->do_action() C:\Users\Usuario\Local Sites\afrodita\app\public\wp-includes\plugin.php:484
[02-Feb-2021 17:38:06 UTC] PHP  12. WP_Hook->apply_filters() C:\Users\Usuario\Local Sites\afrodita\app\public\wp-includes\class-wp-hook.php:311
[02-Feb-2021 17:38:21 UTC] PHP Warning:  call_user_func_array() expects parameter 1 to be a valid callback, function 'Aqui va contenido sobre' not found or invalid function name in C:\Users\Usuario\Local Sites\afrodita\app\public\wp-includes\class-wp-hook.php on line 287
[02-Feb-2021 17:38:21 UTC] PHP Stack trace:
[02-Feb-2021 17:38:21 UTC] PHP   1. {main}() C:\Users\Usuario\Local Sites\afrodita\app\public\wp-admin\themes.php:0
[02-Feb-2021 17:38:21 UTC] PHP   2. require_once() C:\Users\Usuario\Local Sites\afrodita\app\public\wp-admin\themes.php:10
[02-Feb-2021 17:38:21 UTC] PHP   3. require_once() C:\Users\Usuario\Local Sites\afrodita\app\public\wp-admin\admin.php:34
[02-Feb-2021 17:38:21 UTC] PHP   4. require_once() C:\Users\Usuario\Local Sites\afrodita\app\public\wp-load.php:37
[02-Feb-2021 17:38:21 UTC] PHP   5. require_once() C:\Users\Usuario\Local Sites\afrodita\app\public\wp-config.php:77
[02-Feb-2021 17:38:21 UTC] PHP   6. do_action() C:\Users\Usuario\Local Sites\afrodita\app\public\wp-settings.php:557
[02-Feb-2021 17:38:21 UTC] PHP   7. WP_Hook->do_action() C:\Users\Usuario\Local Sites\afrodita\app\public\wp-includes\plugin.php:484
[02-Feb-2021 17:38:21 UTC] PHP   8. WP_Hook->apply_filters() C:\Users\Usuario\Local Sites\afrodita\app\public\wp-includes\class-wp-hook.php:311
[02-Feb-2021 17:38:21 UTC] PHP   9. wp_widgets_init() C:\Users\Usuario\Local Sites\afrodita\app\public\wp-includes\class-wp-hook.php:287
[02-Feb-2021 17:38:21 UTC] PHP  10. do_action() C:\Users\Usuario\Local Sites\afrodita\app\public\wp-includes\widgets.php:1795
[02-Feb-2021 17:38:21 UTC] PHP  11. WP_Hook->do_action() C:\Users\Usuario\Local Sites\afrodita\app\public\wp-includes\plugin.php:484
[02-Feb-2021 17:38:21 UTC] PHP  12. WP_Hook->apply_filters() C:\Users\Usuario\Local Sites\afrodita\app\public\wp-includes\class-wp-hook.php:311
[02-Feb-2021 17:38:22 UTC] PHP Warning:  Cannot modify header information - headers already sent by (output started at C:\Users\Usuario\Local Sites\afrodita\app\public\wp-includes\class-wp-hook.php:287) in C:\Users\Usuario\Local Sites\afrodita\app\public\wp-includes\functions.php on line 6360
[02-Feb-2021 17:38:22 UTC] PHP Stack trace:
[02-Feb-2021 17:38:22 UTC] PHP   1. {main}() C:\Users\Usuario\Local Sites\afrodita\app\public\wp-admin\themes.php:0
[02-Feb-2021 17:38:22 UTC] PHP   2. require_once() C:\Users\Usuario\Local Sites\afrodita\app\public\wp-admin\themes.php:10
[02-Feb-2021 17:38:22 UTC] PHP   3. do_action() C:\Users\Usuario\Local Sites\afrodita\app\public\wp-admin\admin.php:175
[02-Feb-2021 17:38:22 UTC] PHP   4. WP_Hook->do_action() C:\Users\Usuario\Local Sites\afrodita\app\public\wp-includes\plugin.php:484
[02-Feb-2021 17:38:22 UTC] PHP   5. WP_Hook->apply_filters() C:\Users\Usuario\Local Sites\afrodita\app\public\wp-includes\class-wp-hook.php:311
[02-Feb-2021 17:38:22 UTC] PHP   6. send_frame_options_header() C:\Users\Usuario\Local Sites\afrodita\app\public\wp-includes\class-wp-hook.php:285
[02-Feb-2021 17:38:22 UTC] PHP   7. header() C:\Users\Usuario\Local Sites\afrodita\app\public\wp-includes\functions.php:6360
[02-Feb-2021 17:38:22 UTC] PHP Warning:  Cannot modify header information - headers already sent by (output started at C:\Users\Usuario\Local Sites\afrodita\app\public\wp-includes\class-wp-hook.php:287) in C:\Users\Usuario\Local Sites\afrodita\app\public\wp-admin\includes\misc.php on line 1310
[02-Feb-2021 17:38:22 UTC] PHP Stack trace:
[02-Feb-2021 17:38:22 UTC] PHP   1. {main}() C:\Users\Usuario\Local Sites\afrodita\app\public\wp-admin\themes.php:0
[02-Feb-2021 17:38:22 UTC] PHP   2. require_once() C:\Users\Usuario\Local Sites\afrodita\app\public\wp-admin\themes.php:10
[02-Feb-2021 17:38:22 UTC] PHP   3. do_action() C:\Users\Usuario\Local Sites\afrodita\app\public\wp-admin\admin.php:175
[02-Feb-2021 17:38:22 UTC] PHP   4. WP_Hook->do_action() C:\Users\Usuario\Local Sites\afrodita\app\public\wp-includes\plugin.php:484
[02-Feb-2021 17:38:22 UTC] PHP   5. WP_Hook->apply_filters() C:\Users\Usuario\Local Sites\afrodita\app\public\wp-includes\class-wp-hook.php:311
[02-Feb-2021 17:38:22 UTC] PHP   6. wp_admin_headers() C:\Users\Usuario\Local Sites\afrodita\app\public\wp-includes\class-wp-hook.php:287
[02-Feb-2021 17:38:22 UTC] PHP   7. header() C:\Users\Usuario\Local Sites\afrodita\app\public\wp-admin\includes\misc.php:1310
[02-Feb-2021 17:38:22 UTC] PHP Warning:  Cannot modify header information - headers already sent by (output started at C:\Users\Usuario\Local Sites\afrodita\app\public\wp-includes\class-wp-hook.php:287) in C:\Users\Usuario\Local Sites\afrodita\app\public\wp-admin\admin-header.php on line 9
[02-Feb-2021 17:38:22 UTC] PHP Stack trace:
[02-Feb-2021 17:38:22 UTC] PHP   1. {main}() C:\Users\Usuario\Local Sites\afrodita\app\public\wp-admin\themes.php:0
[02-Feb-2021 17:38:22 UTC] PHP   2. require_once() C:\Users\Usuario\Local Sites\afrodita\app\public\wp-admin\themes.php:244
[02-Feb-2021 17:38:22 UTC] PHP   3. header() C:\Users\Usuario\Local Sites\afrodita\app\public\wp-admin\admin-header.php:9
[02-Feb-2021 17:38:22 UTC] PHP Warning:  call_user_func_array() expects parameter 1 to be a valid callback, function 'Aqui va contenido sobre' not found or invalid function name in C:\Users\Usuario\Local Sites\afrodita\app\public\wp-includes\class-wp-hook.php on line 287
[02-Feb-2021 17:38:22 UTC] PHP Stack trace:
[02-Feb-2021 17:38:22 UTC] PHP   1. {main}() C:\Users\Usuario\Local Sites\afrodita\app\public\index.php:0
[02-Feb-2021 17:38:22 UTC] PHP   2. require() C:\Users\Usuario\Local Sites\afrodita\app\public\index.php:17
[02-Feb-2021 17:38:22 UTC] PHP   3. require_once() C:\Users\Usuario\Local Sites\afrodita\app\public\wp-blog-header.php:13
[02-Feb-2021 17:38:22 UTC] PHP   4. require_once() C:\Users\Usuario\Local Sites\afrodita\app\public\wp-load.php:37
[02-Feb-2021 17:38:22 UTC] PHP   5. require_once() C:\Users\Usuario\Local Sites\afrodita\app\public\wp-config.php:77
[02-Feb-2021 17:38:22 UTC] PHP   6. do_action() C:\Users\Usuario\Local Sites\afrodita\app\public\wp-settings.php:557
[02-Feb-2021 17:38:22 UTC] PHP   7. WP_Hook->do_action() C:\Users\Usuario\Local Sites\afrodita\app\public\wp-includes\plugin.php:484
[02-Feb-2021 17:38:22 UTC] PHP   8. WP_Hook->apply_filters() C:\Users\Usuario\Local Sites\afrodita\app\public\wp-includes\class-wp-hook.php:311
[02-Feb-2021 17:38:22 UTC] PHP   9. wp_widgets_init() C:\Users\Usuario\Local Sites\afrodita\app\public\wp-includes\class-wp-hook.php:287
[02-Feb-2021 17:38:22 UTC] PHP  10. do_action() C:\Users\Usuario\Local Sites\afrodita\app\public\wp-includes\widgets.php:1795
[02-Feb-2021 17:38:22 UTC] PHP  11. WP_Hook->do_action() C:\Users\Usuario\Local Sites\afrodita\app\public\wp-includes\plugin.php:484
[02-Feb-2021 17:38:22 UTC] PHP  12. WP_Hook->apply_filters() C:\Users\Usuario\Local Sites\afrodita\app\public\wp-includes\class-wp-hook.php:311
[02-Feb-2021 17:39:23 UTC] PHP Warning:  call_user_func_array() expects parameter 1 to be a valid callback, function 'Aqui va contenido sobre' not found or invalid function name in C:\Users\Usuario\Local Sites\afrodita\app\public\wp-includes\class-wp-hook.php on line 287
[02-Feb-2021 17:39:23 UTC] PHP Stack trace:
[02-Feb-2021 17:39:23 UTC] PHP   1. {main}() C:\Users\Usuario\Local Sites\afrodita\app\public\wp-admin\admin-ajax.php:0
[02-Feb-2021 17:39:23 UTC] PHP   2. require_once() C:\Users\Usuario\Local Sites\afrodita\app\public\wp-admin\admin-ajax.php:22
[02-Feb-2021 17:39:23 UTC] PHP   3. require_once() C:\Users\Usuario\Local Sites\afrodita\app\public\wp-load.php:37
[02-Feb-2021 17:39:23 UTC] PHP   4. require_once() C:\Users\Usuario\Local Sites\afrodita\app\public\wp-config.php:77
[02-Feb-2021 17:39:23 UTC] PHP   5. do_action() C:\Users\Usuario\Local Sites\afrodita\app\public\wp-settings.php:557
[02-Feb-2021 17:39:23 UTC] PHP   6. WP_Hook->do_action() C:\Users\Usuario\Local Sites\afrodita\app\public\wp-includes\plugin.php:484
[02-Feb-2021 17:39:23 UTC] PHP   7. WP_Hook->apply_filters() C:\Users\Usuario\Local Sites\afrodita\app\public\wp-includes\class-wp-hook.php:311
[02-Feb-2021 17:39:23 UTC] PHP   8. wp_widgets_init() C:\Users\Usuario\Local Sites\afrodita\app\public\wp-includes\class-wp-hook.php:287
[02-Feb-2021 17:39:23 UTC] PHP   9. do_action() C:\Users\Usuario\Local Sites\afrodita\app\public\wp-includes\widgets.php:1795
[02-Feb-2021 17:39:23 UTC] PHP  10. WP_Hook->do_action() C:\Users\Usuario\Local Sites\afrodita\app\public\wp-includes\plugin.php:484
[02-Feb-2021 17:39:23 UTC] PHP  11. WP_Hook->apply_filters() C:\Users\Usuario\Local Sites\afrodita\app\public\wp-includes\class-wp-hook.php:311
[13-Feb-2021 03:07:13 UTC] PHP Warning:  call_user_func_array() expects parameter 1 to be a valid callback, function 'afrodita_hero_image' not found or invalid function name in C:\Users\Usuario\Local Sites\afrodita\app\public\wp-includes\class-wp-hook.php on line 287
[13-Feb-2021 03:07:13 UTC] PHP Stack trace:
[13-Feb-2021 03:07:13 UTC] PHP   1. {main}() C:\Users\Usuario\Local Sites\afrodita\app\public\index.php:0
[13-Feb-2021 03:07:13 UTC] PHP   2. require() C:\Users\Usuario\Local Sites\afrodita\app\public\index.php:17
[13-Feb-2021 03:07:13 UTC] PHP   3. require_once() C:\Users\Usuario\Local Sites\afrodita\app\public\wp-blog-header.php:13
[13-Feb-2021 03:07:13 UTC] PHP   4. require_once() C:\Users\Usuario\Local Sites\afrodita\app\public\wp-load.php:37
[13-Feb-2021 03:07:13 UTC] PHP   5. require_once() C:\Users\Usuario\Local Sites\afrodita\app\public\wp-config.php:77
[13-Feb-2021 03:07:13 UTC] PHP   6. do_action() C:\Users\Usuario\Local Sites\afrodita\app\public\wp-settings.php:557
[13-Feb-2021 03:07:13 UTC] PHP   7. WP_Hook->do_action() C:\Users\Usuario\Local Sites\afrodita\app\public\wp-includes\plugin.php:484
[13-Feb-2021 03:07:13 UTC] PHP   8. WP_Hook->apply_filters() C:\Users\Usuario\Local Sites\afrodita\app\public\wp-includes\class-wp-hook.php:311
[13-Feb-2021 03:07:24 UTC] PHP Warning:  call_user_func_array() expects parameter 1 to be a valid callback, function 'afrodita_hero_image' not found or invalid function name in C:\Users\Usuario\Local Sites\afrodita\app\public\wp-includes\class-wp-hook.php on line 287
[13-Feb-2021 03:07:24 UTC] PHP Stack trace:
[13-Feb-2021 03:07:24 UTC] PHP   1. {main}() C:\Users\Usuario\Local Sites\afrodita\app\public\wp-admin\admin-ajax.php:0
[13-Feb-2021 03:07:24 UTC] PHP   2. require_once() C:\Users\Usuario\Local Sites\afrodita\app\public\wp-admin\admin-ajax.php:22
[13-Feb-2021 03:07:24 UTC] PHP   3. require_once() C:\Users\Usuario\Local Sites\afrodita\app\public\wp-load.php:37
[13-Feb-2021 03:07:24 UTC] PHP   4. require_once() C:\Users\Usuario\Local Sites\afrodita\app\public\wp-config.php:77
[13-Feb-2021 03:07:24 UTC] PHP   5. do_action() C:\Users\Usuario\Local Sites\afrodita\app\public\wp-settings.php:557
[13-Feb-2021 03:07:24 UTC] PHP   6. WP_Hook->do_action() C:\Users\Usuario\Local Sites\afrodita\app\public\wp-includes\plugin.php:484
[13-Feb-2021 03:07:24 UTC] PHP   7. WP_Hook->apply_filters() C:\Users\Usuario\Local Sites\afrodita\app\public\wp-includes\class-wp-hook.php:311
[13-Feb-2021 08:55:21 UTC] PHP Parse error:  syntax error, unexpected 'WP_Query' (T_STRING) in C:\Users\Usuario\Local Sites\afrodita\app\public\wp-content\themes\afrodita\front-page.php on line 96
[13-Feb-2021 09:11:42 UTC] PHP Parse error:  syntax error, unexpected '.12' (T_DNUMBER), expecting ')' in C:\Users\Usuario\Local Sites\afrodita\app\public\wp-content\themes\afrodita\functions.php on line 39
[25-Feb-2021 01:10:20 UTC] PHP Warning:  mysqli_query(): MySQL server has gone away in C:\Users\Usuario\Local Sites\afrodita\app\public\wp-includes\wp-db.php on line 2056
[25-Feb-2021 01:10:20 UTC] PHP Stack trace:
[25-Feb-2021 01:10:20 UTC] PHP   1. {main}() C:\Program Files (x86)\Local\resources\extraResources\site-binaries-win32\wp-cli\wp-cli.phar:0
[25-Feb-2021 01:10:20 UTC] PHP   2. include() C:\Program Files (x86)\Local\resources\extraResources\site-binaries-win32\wp-cli\wp-cli.phar:4
[25-Feb-2021 01:10:20 UTC] PHP   3. include() phar://C:/Program Files (x86)/Local/resources/extraResources/site-binaries-win32/wp-cli/wp-cli.phar/php/boot-phar.php:11
[25-Feb-2021 01:10:20 UTC] PHP   4. WP_CLI\bootstrap() phar://C:/Program Files (x86)/Local/resources/extraResources/site-binaries-win32/wp-cli/wp-cli.phar/vendor/wp-cli/wp-cli/php/wp-cli.php:27
[25-Feb-2021 01:10:20 UTC] PHP   5. WP_CLI\Bootstrap\LaunchRunner->process() phar://C:/Program Files (x86)/Local/resources/extraResources/site-binaries-win32/wp-cli/wp-cli.phar/vendor/wp-cli/wp-cli/php/bootstrap.php:74
[25-Feb-2021 01:10:20 UTC] PHP   6. WP_CLI\Runner->start() phar://C:/Program Files (x86)/Local/resources/extraResources/site-binaries-win32/wp-cli/wp-cli.phar/vendor/wp-cli/wp-cli/php/WP_CLI/Bootstrap/LaunchRunner.php:23
[25-Feb-2021 01:10:20 UTC] PHP   7. WP_CLI\Runner->run_command_and_exit() phar://C:/Program Files (x86)/Local/resources/extraResources/site-binaries-win32/wp-cli/wp-cli.phar/vendor/wp-cli/wp-cli/php/WP_CLI/Runner.php:1132
[25-Feb-2021 01:10:20 UTC] PHP   8. WP_CLI\Runner->run_command() phar://C:/Program Files (x86)/Local/resources/extraResources/site-binaries-win32/wp-cli/wp-cli.phar/vendor/wp-cli/wp-cli/php/WP_CLI/Runner.php:394
[25-Feb-2021 01:10:20 UTC] PHP   9. WP_CLI\Dispatcher\Subcommand->invoke() phar://C:/Program Files (x86)/Local/resources/extraResources/site-binaries-win32/wp-cli/wp-cli.phar/vendor/wp-cli/wp-cli/php/WP_CLI/Runner.php:371
[25-Feb-2021 01:10:20 UTC] PHP  10. call_user_func:{phar://C:/Program Files (x86)/Local/resources/extraResources/site-binaries-win32/wp-cli/wp-cli.phar/vendor/wp-cli/wp-cli/php/WP_CLI/Dispatcher/Subcommand.php:451}() phar://C:/Program Files (x86)/Local/resources/extraResources/site-binaries-win32/wp-cli/wp-cli.phar/vendor/wp-cli/wp-cli/php/WP_CLI/Dispatcher/Subcommand.php:451
[25-Feb-2021 01:10:20 UTC] PHP  11. WP_CLI\Dispatcher\CommandFactory::WP_CLI\Dispatcher\{closure:phar://C:/Program Files (x86)/Local/resources/extraResources/site-binaries-win32/wp-cli/wp-cli.phar/vendor/wp-cli/wp-cli/php/WP_CLI/Dispatcher/CommandFactory.php:95-102}() phar://C:/Program Files (x86)/Local/resources/extraResources/site-binaries-win32/wp-cli/wp-cli.phar/vendor/wp-cli/wp-cli/php/WP_CLI/Dispatcher/Subcommand.php:451
[25-Feb-2021 01:10:20 UTC] PHP  12. call_user_func:{phar://C:/Program Files (x86)/Local/resources/extraResources/site-binaries-win32/wp-cli/wp-cli.phar/vendor/wp-cli/wp-cli/php/WP_CLI/Dispatcher/CommandFactory.php:98}() phar://C:/Program Files (x86)/Local/resources/extraResources/site-binaries-win32/wp-cli/wp-cli.phar/vendor/wp-cli/wp-cli/php/WP_CLI/Dispatcher/CommandFactory.php:98
[25-Feb-2021 01:10:20 UTC] PHP  13. Core_Command->check_update() phar://C:/Program Files (x86)/Local/resources/extraResources/site-binaries-win32/wp-cli/wp-cli.phar/vendor/wp-cli/wp-cli/php/WP_CLI/Dispatcher/CommandFactory.php:98
[25-Feb-2021 01:10:20 UTC] PHP  14. Core_Command->get_updates() phar://C:/Program Files (x86)/Local/resources/extraResources/site-binaries-win32/wp-cli/wp-cli.phar/vendor/wp-cli/core-command/src/Core_Command.php:77
[25-Feb-2021 01:10:20 UTC] PHP  15. wp_version_check() phar://C:/Program Files (x86)/Local/resources/extraResources/site-binaries-win32/wp-cli/wp-cli.phar/vendor/wp-cli/core-command/src/Core_Command.php:1270
[25-Feb-2021 01:10:20 UTC] PHP  16. set_site_transient() C:\Users\Usuario\Local Sites\afrodita\app\public\wp-includes\update.php:236
[25-Feb-2021 01:10:20 UTC] PHP  17. update_site_option() C:\Users\Usuario\Local Sites\afrodita\app\public\wp-includes\option.php:1963
[25-Feb-2021 01:10:20 UTC] PHP  18. update_network_option() C:\Users\Usuario\Local Sites\afrodita\app\public\wp-includes\option.php:1295
[25-Feb-2021 01:10:20 UTC] PHP  19. update_option() C:\Users\Usuario\Local Sites\afrodita\app\public\wp-includes\option.php:1725
[25-Feb-2021 01:10:20 UTC] PHP  20. wpdb->update() C:\Users\Usuario\Local Sites\afrodita\app\public\wp-includes\option.php:441
[25-Feb-2021 01:10:20 UTC] PHP  21. wpdb->query() C:\Users\Usuario\Local Sites\afrodita\app\public\wp-includes\wp-db.php:2361
[25-Feb-2021 01:10:20 UTC] PHP  22. wpdb->_do_query() C:\Users\Usuario\Local Sites\afrodita\app\public\wp-includes\wp-db.php:1945
[25-Feb-2021 01:10:20 UTC] PHP  23. mysqli_query() C:\Users\Usuario\Local Sites\afrodita\app\public\wp-includes\wp-db.php:2056
[25-Feb-2021 01:10:20 UTC] PHP Warning:  mysqli_query(): Error reading result set's header in C:\Users\Usuario\Local Sites\afrodita\app\public\wp-includes\wp-db.php on line 2056
[25-Feb-2021 01:10:20 UTC] PHP Stack trace:
[25-Feb-2021 01:10:20 UTC] PHP   1. {main}() C:\Program Files (x86)\Local\resources\extraResources\site-binaries-win32\wp-cli\wp-cli.phar:0
[25-Feb-2021 01:10:20 UTC] PHP   2. include() C:\Program Files (x86)\Local\resources\extraResources\site-binaries-win32\wp-cli\wp-cli.phar:4
[25-Feb-2021 01:10:20 UTC] PHP   3. include() phar://C:/Program Files (x86)/Local/resources/extraResources/site-binaries-win32/wp-cli/wp-cli.phar/php/boot-phar.php:11
[25-Feb-2021 01:10:20 UTC] PHP   4. WP_CLI\bootstrap() phar://C:/Program Files (x86)/Local/resources/extraResources/site-binaries-win32/wp-cli/wp-cli.phar/vendor/wp-cli/wp-cli/php/wp-cli.php:27
[25-Feb-2021 01:10:20 UTC] PHP   5. WP_CLI\Bootstrap\LaunchRunner->process() phar://C:/Program Files (x86)/Local/resources/extraResources/site-binaries-win32/wp-cli/wp-cli.phar/vendor/wp-cli/wp-cli/php/bootstrap.php:74
[25-Feb-2021 01:10:20 UTC] PHP   6. WP_CLI\Runner->start() phar://C:/Program Files (x86)/Local/resources/extraResources/site-binaries-win32/wp-cli/wp-cli.phar/vendor/wp-cli/wp-cli/php/WP_CLI/Bootstrap/LaunchRunner.php:23
[25-Feb-2021 01:10:20 UTC] PHP   7. WP_CLI\Runner->run_command_and_exit() phar://C:/Program Files (x86)/Local/resources/extraResources/site-binaries-win32/wp-cli/wp-cli.phar/vendor/wp-cli/wp-cli/php/WP_CLI/Runner.php:1132
[25-Feb-2021 01:10:20 UTC] PHP   8. WP_CLI\Runner->run_command() phar://C:/Program Files (x86)/Local/resources/extraResources/site-binaries-win32/wp-cli/wp-cli.phar/vendor/wp-cli/wp-cli/php/WP_CLI/Runner.php:394
[25-Feb-2021 01:10:20 UTC] PHP   9. WP_CLI\Dispatcher\Subcommand->invoke() phar://C:/Program Files (x86)/Local/resources/extraResources/site-binaries-win32/wp-cli/wp-cli.phar/vendor/wp-cli/wp-cli/php/WP_CLI/Runner.php:371
[25-Feb-2021 01:10:20 UTC] PHP  10. call_user_func:{phar://C:/Program Files (x86)/Local/resources/extraResources/site-binaries-win32/wp-cli/wp-cli.phar/vendor/wp-cli/wp-cli/php/WP_CLI/Dispatcher/Subcommand.php:451}() phar://C:/Program Files (x86)/Local/resources/extraResources/site-binaries-win32/wp-cli/wp-cli.phar/vendor/wp-cli/wp-cli/php/WP_CLI/Dispatcher/Subcommand.php:451
[25-Feb-2021 01:10:20 UTC] PHP  11. WP_CLI\Dispatcher\CommandFactory::WP_CLI\Dispatcher\{closure:phar://C:/Program Files (x86)/Local/resources/extraResources/site-binaries-win32/wp-cli/wp-cli.phar/vendor/wp-cli/wp-cli/php/WP_CLI/Dispatcher/CommandFactory.php:95-102}() phar://C:/Program Files (x86)/Local/resources/extraResources/site-binaries-win32/wp-cli/wp-cli.phar/vendor/wp-cli/wp-cli/php/WP_CLI/Dispatcher/Subcommand.php:451
[25-Feb-2021 01:10:20 UTC] PHP  12. call_user_func:{phar://C:/Program Files (x86)/Local/resources/extraResources/site-binaries-win32/wp-cli/wp-cli.phar/vendor/wp-cli/wp-cli/php/WP_CLI/Dispatcher/CommandFactory.php:98}() phar://C:/Program Files (x86)/Local/resources/extraResources/site-binaries-win32/wp-cli/wp-cli.phar/vendor/wp-cli/wp-cli/php/WP_CLI/Dispatcher/CommandFactory.php:98
[25-Feb-2021 01:10:20 UTC] PHP  13. Core_Command->check_update() phar://C:/Program Files (x86)/Local/resources/extraResources/site-binaries-win32/wp-cli/wp-cli.phar/vendor/wp-cli/wp-cli/php/WP_CLI/Dispatcher/CommandFactory.php:98
[25-Feb-2021 01:10:20 UTC] PHP  14. Core_Command->get_updates() phar://C:/Program Files (x86)/Local/resources/extraResources/site-binaries-win32/wp-cli/wp-cli.phar/vendor/wp-cli/core-command/src/Core_Command.php:77
[25-Feb-2021 01:10:20 UTC] PHP  15. wp_version_check() phar://C:/Program Files (x86)/Local/resources/extraResources/site-binaries-win32/wp-cli/wp-cli.phar/vendor/wp-cli/core-command/src/Core_Command.php:1270
[25-Feb-2021 01:10:20 UTC] PHP  16. set_site_transient() C:\Users\Usuario\Local Sites\afrodita\app\public\wp-includes\update.php:236
[25-Feb-2021 01:10:20 UTC] PHP  17. update_site_option() C:\Users\Usuario\Local Sites\afrodita\app\public\wp-includes\option.php:1963
[25-Feb-2021 01:10:20 UTC] PHP  18. update_network_option() C:\Users\Usuario\Local Sites\afrodita\app\public\wp-includes\option.php:1295
[25-Feb-2021 01:10:20 UTC] PHP  19. update_option() C:\Users\Usuario\Local Sites\afrodita\app\public\wp-includes\option.php:1725
[25-Feb-2021 01:10:20 UTC] PHP  20. wpdb->update() C:\Users\Usuario\Local Sites\afrodita\app\public\wp-includes\option.php:441
[25-Feb-2021 01:10:20 UTC] PHP  21. wpdb->query() C:\Users\Usuario\Local Sites\afrodita\app\public\wp-includes\wp-db.php:2361
[25-Feb-2021 01:10:20 UTC] PHP  22. wpdb->_do_query() C:\Users\Usuario\Local Sites\afrodita\app\public\wp-includes\wp-db.php:1945
[25-Feb-2021 01:10:20 UTC] PHP  23. mysqli_query() C:\Users\Usuario\Local Sites\afrodita\app\public\wp-includes\wp-db.php:2056
[01-Jun-2021 17:29:20 UTC] Shell mysql dump error. Change SQL Script to the "PHP Code" in the Duplicator > Settings > Packages. DETAIL:
[01-Jun-2021 17:29:20 UTC] Runtime error in DUP_Database::Build. Shell mysql dump error. Change SQL Script to the "PHP Code" in the Duplicator > Settings > Packages. DETAIL:Exception: Exception: Shell mysql dump error. Change SQL Script to the "PHP Code" in the Duplicator > Settings > Packages. in C:\Users\Usuario\Local Sites\afrodita\app\public\wp-content\plugins\duplicator\classes\class.logging.php:284
Stack trace:
#0 C:\Users\Usuario\Local Sites\afrodita\app\public\wp-content\plugins\duplicator\classes\package\class.pack.database.php(572): DUP_Log::error('Shell mysql dum...', '', 1)
#1 C:\Users\Usuario\Local Sites\afrodita\app\public\wp-content\plugins\duplicator\classes\package\class.pack.database.php(208): DUP_Database->mysqlDump('C:/xampp/mysql/...')
#2 C:\Users\Usuario\Local Sites\afrodita\app\public\wp-content\plugins\duplicator\classes\package\class.pack.php(1316): DUP_Database->build(Object(DUP_Package), 1)
#3 C:\Users\Usuario\Local Sites\afrodita\app\public\wp-content\plugins\duplicator\ctrls\ctrl.package.php(98): DUP_Package->runZipBuild()
#4 C:\Users\Usuario\Local Sites\afrodita\app\public\wp-includes\class-wp-hook.php(292): duplicator_package_build('')
#5 C:\Users\Usuario\Local Sites\afrodita\app\public\wp-includes\class-wp-hook.php(316): WP_Hook->apply_filters('', Array)
#6 C:\Users\Usuario\Local Sites\afrodita\app\public\wp-includes\plugin.php(484): WP_Hook->do_action(Array)
#7 C:\Users\Usuario\Local Sites\afrodita\app\public\wp-admin\admin-ajax.php(187): do_action('wp_ajax_duplica...')
#8 {main}
[01-Jun-2021 17:34:37 UTC] Shell mysql dump error. Change SQL Script to the "PHP Code" in the Duplicator > Settings > Packages. DETAIL:
[01-Jun-2021 17:34:37 UTC] Runtime error in DUP_Database::Build. Shell mysql dump error. Change SQL Script to the "PHP Code" in the Duplicator > Settings > Packages. DETAIL:Exception: Exception: Shell mysql dump error. Change SQL Script to the "PHP Code" in the Duplicator > Settings > Packages. in C:\Users\Usuario\Local Sites\afrodita\app\public\wp-content\plugins\duplicator\classes\class.logging.php:284
Stack trace:
#0 C:\Users\Usuario\Local Sites\afrodita\app\public\wp-content\plugins\duplicator\classes\package\class.pack.database.php(572): DUP_Log::error('Shell mysql dum...', '', 1)
#1 C:\Users\Usuario\Local Sites\afrodita\app\public\wp-content\plugins\duplicator\classes\package\class.pack.database.php(208): DUP_Database->mysqlDump('C:/xampp/mysql/...')
#2 C:\Users\Usuario\Local Sites\afrodita\app\public\wp-content\plugins\duplicator\classes\package\class.pack.php(1316): DUP_Database->build(Object(DUP_Package), 1)
#3 C:\Users\Usuario\Local Sites\afrodita\app\public\wp-content\plugins\duplicator\ctrls\ctrl.package.php(98): DUP_Package->runZipBuild()
#4 C:\Users\Usuario\Local Sites\afrodita\app\public\wp-includes\class-wp-hook.php(292): duplicator_package_build('')
#5 C:\Users\Usuario\Local Sites\afrodita\app\public\wp-includes\class-wp-hook.php(316): WP_Hook->apply_filters('', Array)
#6 C:\Users\Usuario\Local Sites\afrodita\app\public\wp-includes\plugin.php(484): WP_Hook->do_action(Array)
#7 C:\Users\Usuario\Local Sites\afrodita\app\public\wp-admin\admin-ajax.php(187): do_action('wp_ajax_duplica...')
#8 {main}
[01-Jun-2021 17:50:18 UTC] Shell mysql dump error. Change SQL Script to the "PHP Code" in the Duplicator > Settings > Packages. DETAIL:
[01-Jun-2021 17:50:18 UTC] Runtime error in DUP_Database::Build. Shell mysql dump error. Change SQL Script to the "PHP Code" in the Duplicator > Settings > Packages. DETAIL:Exception: Exception: Shell mysql dump error. Change SQL Script to the "PHP Code" in the Duplicator > Settings > Packages. in C:\Users\Usuario\Local Sites\afrodita\app\public\wp-content\plugins\duplicator\classes\class.logging.php:284
Stack trace:
#0 C:\Users\Usuario\Local Sites\afrodita\app\public\wp-content\plugins\duplicator\classes\package\class.pack.database.php(572): DUP_Log::error('Shell mysql dum...', '', 1)
#1 C:\Users\Usuario\Local Sites\afrodita\app\public\wp-content\plugins\duplicator\classes\package\class.pack.database.php(208): DUP_Database->mysqlDump('C:/xampp/mysql/...')
#2 C:\Users\Usuario\Local Sites\afrodita\app\public\wp-content\plugins\duplicator\classes\package\class.pack.php(1316): DUP_Database->build(Object(DUP_Package), 1)
#3 C:\Users\Usuario\Local Sites\afrodita\app\public\wp-content\plugins\duplicator\ctrls\ctrl.package.php(98): DUP_Package->runZipBuild()
#4 C:\Users\Usuario\Local Sites\afrodita\app\public\wp-includes\class-wp-hook.php(292): duplicator_package_build('')
#5 C:\Users\Usuario\Local Sites\afrodita\app\public\wp-includes\class-wp-hook.php(316): WP_Hook->apply_filters('', Array)
#6 C:\Users\Usuario\Local Sites\afrodita\app\public\wp-includes\plugin.php(484): WP_Hook->do_action(Array)
#7 C:\Users\Usuario\Local Sites\afrodita\app\public\wp-admin\admin-ajax.php(187): do_action('wp_ajax_duplica...')
#8 {main}
[01-Jun-2021 18:01:36 UTC] PHP Warning:  Failed loading Zend extension 'php_opcache.dll' (tried: C:/Program Files (x86)/Local/resources/extraResources/site-binaries-win32/php-7.3.6/ext\php_opcache.dll (%1 no es una aplicaci�n Win32 v�lida.), C:/Program Files (x86)/Local/resources/extraResources/site-binaries-win32/php-7.3.6/ext\php_php_opcache.dll.dll (No se puede encontrar el m�dulo especificado.)) in Unknown on line 0
[01-Jun-2021 18:01:36 UTC] PHP Warning:  Failed loading Zend extension 'php_opcache.dll' (tried: C:/Program Files (x86)/Local/resources/extraResources/site-binaries-win32/php-7.3.6/ext\php_opcache.dll (%1 no es una aplicaci�n Win32 v�lida.), C:/Program Files (x86)/Local/resources/extraResources/site-binaries-win32/php-7.3.6/ext\php_php_opcache.dll.dll (No se puede encontrar el m�dulo especificado.)) in Unknown on line 0
[01-Jun-2021 18:01:36 UTC] PHP Warning:  Failed loading Zend extension 'php_xdebug.dll' (tried: C:/Program Files (x86)/Local/resources/extraResources/site-binaries-win32/php-7.3.6/ext\php_xdebug.dll (%1 no es una aplicaci�n Win32 v�lida.), C:/Program Files (x86)/Local/resources/extraResources/site-binaries-win32/php-7.3.6/ext\php_php_xdebug.dll.dll (No se puede encontrar el m�dulo especificado.)) in Unknown on line 0
[01-Jun-2021 18:01:36 UTC] PHP Warning:  Failed loading Zend extension 'php_xdebug.dll' (tried: C:/Program Files (x86)/Local/resources/extraResources/site-binaries-win32/php-7.3.6/ext\php_xdebug.dll (%1 no es una aplicaci�n Win32 v�lida.), C:/Program Files (x86)/Local/resources/extraResources/site-binaries-win32/php-7.3.6/ext\php_php_xdebug.dll.dll (No se puede encontrar el m�dulo especificado.)) in Unknown on line 0
[01-Jun-2021 18:01:36 UTC] PHP Warning:  PHP Startup: Unable to load dynamic library 'php_curl.dll' (tried: C:/Program Files (x86)/Local/resources/extraResources/site-binaries-win32/php-7.3.6/ext\php_curl.dll (%1 no es una aplicaci�n Win32 v�lida.), C:/Program Files (x86)/Local/resources/extraResources/site-binaries-win32/php-7.3.6/ext\php_php_curl.dll.dll (No se puede encontrar el m�dulo especificado.)) in Unknown on line 0
[01-Jun-2021 18:01:36 UTC] PHP Warning:  PHP Startup: Unable to load dynamic library 'php_curl.dll' (tried: C:/Program Files (x86)/Local/resources/extraResources/site-binaries-win32/php-7.3.6/ext\php_curl.dll (%1 no es una aplicaci�n Win32 v�lida.), C:/Program Files (x86)/Local/resources/extraResources/site-binaries-win32/php-7.3.6/ext\php_php_curl.dll.dll (No se puede encontrar el m�dulo especificado.)) in Unknown on line 0
[01-Jun-2021 18:01:36 UTC] PHP Warning:  PHP Startup: Unable to load dynamic library 'php_gettext.dll' (tried: C:/Program Files (x86)/Local/resources/extraResources/site-binaries-win32/php-7.3.6/ext\php_gettext.dll (%1 no es una aplicaci�n Win32 v�lida.), C:/Program Files (x86)/Local/resources/extraResources/site-binaries-win32/php-7.3.6/ext\php_php_gettext.dll.dll (No se puede encontrar el m�dulo especificado.)) in Unknown on line 0
[01-Jun-2021 18:01:36 UTC] PHP Warning:  PHP Startup: Unable to load dynamic library 'php_gettext.dll' (tried: C:/Program Files (x86)/Local/resources/extraResources/site-binaries-win32/php-7.3.6/ext\php_gettext.dll (%1 no es una aplicaci�n Win32 v�lida.), C:/Program Files (x86)/Local/resources/extraResources/site-binaries-win32/php-7.3.6/ext\php_php_gettext.dll.dll (No se puede encontrar el m�dulo especificado.)) in Unknown on line 0
[01-Jun-2021 18:01:36 UTC] PHP Warning:  PHP Startup: Unable to load dynamic library 'php_openssl.dll' (tried: C:/Program Files (x86)/Local/resources/extraResources/site-binaries-win32/php-7.3.6/ext\php_openssl.dll (%1 no es una aplicaci�n Win32 v�lida.), C:/Program Files (x86)/Local/resources/extraResources/site-binaries-win32/php-7.3.6/ext\php_php_openssl.dll.dll (No se puede encontrar el m�dulo especificado.)) in Unknown on line 0
[01-Jun-2021 18:01:36 UTC] PHP Warning:  PHP Startup: Unable to load dynamic library 'php_openssl.dll' (tried: C:/Program Files (x86)/Local/resources/extraResources/site-binaries-win32/php-7.3.6/ext\php_openssl.dll (%1 no es una aplicaci�n Win32 v�lida.), C:/Program Files (x86)/Local/resources/extraResources/site-binaries-win32/php-7.3.6/ext\php_php_openssl.dll.dll (No se puede encontrar el m�dulo especificado.)) in Unknown on line 0
[01-Jun-2021 18:01:36 UTC] PHP Warning:  PHP Startup: Unable to load dynamic library 'php_exif.dll' (tried: C:/Program Files (x86)/Local/resources/extraResources/site-binaries-win32/php-7.3.6/ext\php_exif.dll (%1 no es una aplicaci�n Win32 v�lida.), C:/Program Files (x86)/Local/resources/extraResources/site-binaries-win32/php-7.3.6/ext\php_php_exif.dll.dll (No se puede encontrar el m�dulo especificado.)) in Unknown on line 0
[01-Jun-2021 18:01:36 UTC] PHP Warning:  PHP Startup: Unable to load dynamic library 'php_exif.dll' (tried: C:/Program Files (x86)/Local/resources/extraResources/site-binaries-win32/php-7.3.6/ext\php_exif.dll (%1 no es una aplicaci�n Win32 v�lida.), C:/Program Files (x86)/Local/resources/extraResources/site-binaries-win32/php-7.3.6/ext\php_php_exif.dll.dll (No se puede encontrar el m�dulo especificado.)) in Unknown on line 0
[01-Jun-2021 18:01:36 UTC] PHP Warning:  PHP Startup: Unable to load dynamic library 'php_gd2.dll' (tried: C:/Program Files (x86)/Local/resources/extraResources/site-binaries-win32/php-7.3.6/ext\php_gd2.dll (%1 no es una aplicaci�n Win32 v�lida.), C:/Program Files (x86)/Local/resources/extraResources/site-binaries-win32/php-7.3.6/ext\php_php_gd2.dll.dll (No se puede encontrar el m�dulo especificado.)) in Unknown on line 0
[01-Jun-2021 18:01:36 UTC] PHP Warning:  PHP Startup: Unable to load dynamic library 'php_gd2.dll' (tried: C:/Program Files (x86)/Local/resources/extraResources/site-binaries-win32/php-7.3.6/ext\php_gd2.dll (%1 no es una aplicaci�n Win32 v�lida.), C:/Program Files (x86)/Local/resources/extraResources/site-binaries-win32/php-7.3.6/ext\php_php_gd2.dll.dll (No se puede encontrar el m�dulo especificado.)) in Unknown on line 0
[01-Jun-2021 18:01:36 UTC] PHP Warning:  PHP Startup: Unable to load dynamic library 'php_ftp.dll' (tried: C:/Program Files (x86)/Local/resources/extraResources/site-binaries-win32/php-7.3.6/ext\php_ftp.dll (%1 no es una aplicaci�n Win32 v�lida.), C:/Program Files (x86)/Local/resources/extraResources/site-binaries-win32/php-7.3.6/ext\php_php_ftp.dll.dll (No se puede encontrar el m�dulo especificado.)) in Unknown on line 0
[01-Jun-2021 18:01:36 UTC] PHP Warning:  PHP Startup: Unable to load dynamic library 'php_ftp.dll' (tried: C:/Program Files (x86)/Local/resources/extraResources/site-binaries-win32/php-7.3.6/ext\php_ftp.dll (%1 no es una aplicaci�n Win32 v�lida.), C:/Program Files (x86)/Local/resources/extraResources/site-binaries-win32/php-7.3.6/ext\php_php_ftp.dll.dll (No se puede encontrar el m�dulo especificado.)) in Unknown on line 0
[01-Jun-2021 18:01:36 UTC] PHP Warning:  PHP Startup: Unable to load dynamic library 'php_imap.dll' (tried: C:/Program Files (x86)/Local/resources/extraResources/site-binaries-win32/php-7.3.6/ext\php_imap.dll (%1 no es una aplicaci�n Win32 v�lida.), C:/Program Files (x86)/Local/resources/extraResources/site-binaries-win32/php-7.3.6/ext\php_php_imap.dll.dll (No se puede encontrar el m�dulo especificado.)) in Unknown on line 0
[01-Jun-2021 18:01:36 UTC] PHP Warning:  PHP Startup: Unable to load dynamic library 'php_imap.dll' (tried: C:/Program Files (x86)/Local/resources/extraResources/site-binaries-win32/php-7.3.6/ext\php_imap.dll (%1 no es una aplicaci�n Win32 v�lida.), C:/Program Files (x86)/Local/resources/extraResources/site-binaries-win32/php-7.3.6/ext\php_php_imap.dll.dll (No se puede encontrar el m�dulo especificado.)) in Unknown on line 0
[01-Jun-2021 18:01:36 UTC] PHP Warning:  PHP Startup: Unable to load dynamic library 'php_bz2.dll' (tried: C:/Program Files (x86)/Local/resources/extraResources/site-binaries-win32/php-7.3.6/ext\php_bz2.dll (%1 no es una aplicaci�n Win32 v�lida.), C:/Program Files (x86)/Local/resources/extraResources/site-binaries-win32/php-7.3.6/ext\php_php_bz2.dll.dll (No se puede encontrar el m�dulo especificado.)) in Unknown on line 0
[01-Jun-2021 18:01:36 UTC] PHP Warning:  PHP Startup: Unable to load dynamic library 'php_bz2.dll' (tried: C:/Program Files (x86)/Local/resources/extraResources/site-binaries-win32/php-7.3.6/ext\php_bz2.dll (%1 no es una aplicaci�n Win32 v�lida.), C:/Program Files (x86)/Local/resources/extraResources/site-binaries-win32/php-7.3.6/ext\php_php_bz2.dll.dll (No se puede encontrar el m�dulo especificado.)) in Unknown on line 0
[01-Jun-2021 18:01:36 UTC] PHP Warning:  PHP Startup: Unable to load dynamic library 'php_mbstring.dll' (tried: C:/Program Files (x86)/Local/resources/extraResources/site-binaries-win32/php-7.3.6/ext\php_mbstring.dll (%1 no es una aplicaci�n Win32 v�lida.), C:/Program Files (x86)/Local/resources/extraResources/site-binaries-win32/php-7.3.6/ext\php_php_mbstring.dll.dll (No se puede encontrar el m�dulo especificado.)) in Unknown on line 0
[01-Jun-2021 18:01:36 UTC] PHP Warning:  PHP Startup: Unable to load dynamic library 'php_mbstring.dll' (tried: C:/Program Files (x86)/Local/resources/extraResources/site-binaries-win32/php-7.3.6/ext\php_mbstring.dll (%1 no es una aplicaci�n Win32 v�lida.), C:/Program Files (x86)/Local/resources/extraResources/site-binaries-win32/php-7.3.6/ext\php_php_mbstring.dll.dll (No se puede encontrar el m�dulo especificado.)) in Unknown on line 0
[01-Jun-2021 18:01:36 UTC] PHP Warning:  PHP Startup: Unable to load dynamic library 'php_sodium.dll' (tried: C:/Program Files (x86)/Local/resources/extraResources/site-binaries-win32/php-7.3.6/ext\php_sodium.dll (%1 no es una aplicaci�n Win32 v�lida.), C:/Program Files (x86)/Local/resources/extraResources/site-binaries-win32/php-7.3.6/ext\php_php_sodium.dll.dll (No se puede encontrar el m�dulo especificado.)) in Unknown on line 0
[01-Jun-2021 18:01:36 UTC] PHP Warning:  PHP Startup: Unable to load dynamic library 'php_sodium.dll' (tried: C:/Program Files (x86)/Local/resources/extraResources/site-binaries-win32/php-7.3.6/ext\php_sodium.dll (%1 no es una aplicaci�n Win32 v�lida.), C:/Program Files (x86)/Local/resources/extraResources/site-binaries-win32/php-7.3.6/ext\php_php_sodium.dll.dll (No se puede encontrar el m�dulo especificado.)) in Unknown on line 0
[01-Jun-2021 18:01:36 UTC] PHP Warning:  PHP Startup: Unable to load dynamic library 'php_tidy.dll' (tried: C:/Program Files (x86)/Local/resources/extraResources/site-binaries-win32/php-7.3.6/ext\php_tidy.dll (%1 no es una aplicaci�n Win32 v�lida.), C:/Program Files (x86)/Local/resources/extraResources/site-binaries-win32/php-7.3.6/ext\php_php_tidy.dll.dll (No se puede encontrar el m�dulo especificado.)) in Unknown on line 0
[01-Jun-2021 18:01:36 UTC] PHP Warning:  PHP Startup: Unable to load dynamic library 'php_tidy.dll' (tried: C:/Program Files (x86)/Local/resources/extraResources/site-binaries-win32/php-7.3.6/ext\php_tidy.dll (%1 no es una aplicaci�n Win32 v�lida.), C:/Program Files (x86)/Local/resources/extraResources/site-binaries-win32/php-7.3.6/ext\php_php_tidy.dll.dll (No se puede encontrar el m�dulo especificado.)) in Unknown on line 0
[01-Jun-2021 18:01:36 UTC] PHP Warning:  PHP Startup: Unable to load dynamic library 'php_xsl.dll' (tried: C:/Program Files (x86)/Local/resources/extraResources/site-binaries-win32/php-7.3.6/ext\php_xsl.dll (%1 no es una aplicaci�n Win32 v�lida.), C:/Program Files (x86)/Local/resources/extraResources/site-binaries-win32/php-7.3.6/ext\php_php_xsl.dll.dll (No se puede encontrar el m�dulo especificado.)) in Unknown on line 0
[01-Jun-2021 18:01:36 UTC] PHP Warning:  PHP Startup: Unable to load dynamic library 'php_xsl.dll' (tried: C:/Program Files (x86)/Local/resources/extraResources/site-binaries-win32/php-7.3.6/ext\php_xsl.dll (%1 no es una aplicaci�n Win32 v�lida.), C:/Program Files (x86)/Local/resources/extraResources/site-binaries-win32/php-7.3.6/ext\php_php_xsl.dll.dll (No se puede encontrar el m�dulo especificado.)) in Unknown on line 0
[01-Jun-2021 18:01:36 UTC] PHP Warning:  PHP Startup: Unable to load dynamic library 'php_xmlrpc.dll' (tried: C:/Program Files (x86)/Local/resources/extraResources/site-binaries-win32/php-7.3.6/ext\php_xmlrpc.dll (%1 no es una aplicaci�n Win32 v�lida.), C:/Program Files (x86)/Local/resources/extraResources/site-binaries-win32/php-7.3.6/ext\php_php_xmlrpc.dll.dll (No se puede encontrar el m�dulo especificado.)) in Unknown on line 0
[01-Jun-2021 18:01:36 UTC] PHP Warning:  PHP Startup: Unable to load dynamic library 'php_xmlrpc.dll' (tried: C:/Program Files (x86)/Local/resources/extraResources/site-binaries-win32/php-7.3.6/ext\php_xmlrpc.dll (%1 no es una aplicaci�n Win32 v�lida.), C:/Program Files (x86)/Local/resources/extraResources/site-binaries-win32/php-7.3.6/ext\php_php_xmlrpc.dll.dll (No se puede encontrar el m�dulo especificado.)) in Unknown on line 0
[01-Jun-2021 18:01:36 UTC] PHP Warning:  PHP Startup: Unable to load dynamic library 'php_soap.dll' (tried: C:/Program Files (x86)/Local/resources/extraResources/site-binaries-win32/php-7.3.6/ext\php_soap.dll (%1 no es una aplicaci�n Win32 v�lida.), C:/Program Files (x86)/Local/resources/extraResources/site-binaries-win32/php-7.3.6/ext\php_php_soap.dll.dll (No se puede encontrar el m�dulo especificado.)) in Unknown on line 0
[01-Jun-2021 18:01:36 UTC] PHP Warning:  PHP Startup: Unable to load dynamic library 'php_soap.dll' (tried: C:/Program Files (x86)/Local/resources/extraResources/site-binaries-win32/php-7.3.6/ext\php_soap.dll (%1 no es una aplicaci�n Win32 v�lida.), C:/Program Files (x86)/Local/resources/extraResources/site-binaries-win32/php-7.3.6/ext\php_php_soap.dll.dll (No se puede encontrar el m�dulo especificado.)) in Unknown on line 0
[01-Jun-2021 18:01:36 UTC] PHP Warning:  PHP Startup: Unable to load dynamic library 'php_mysqli.dll' (tried: C:/Program Files (x86)/Local/resources/extraResources/site-binaries-win32/php-7.3.6/ext\php_mysqli.dll (%1 no es una aplicaci�n Win32 v�lida.), C:/Program Files (x86)/Local/resources/extraResources/site-binaries-win32/php-7.3.6/ext\php_php_mysqli.dll.dll (No se puede encontrar el m�dulo especificado.)) in Unknown on line 0
[01-Jun-2021 18:01:36 UTC] PHP Warning:  PHP Startup: Unable to load dynamic library 'php_mysqli.dll' (tried: C:/Program Files (x86)/Local/resources/extraResources/site-binaries-win32/php-7.3.6/ext\php_mysqli.dll (%1 no es una aplicaci�n Win32 v�lida.), C:/Program Files (x86)/Local/resources/extraResources/site-binaries-win32/php-7.3.6/ext\php_php_mysqli.dll.dll (No se puede encontrar el m�dulo especificado.)) in Unknown on line 0
[01-Jun-2021 18:01:36 UTC] PHP Warning:  PHP Startup: Unable to load dynamic library 'php_pdo_mysql.dll' (tried: C:/Program Files (x86)/Local/resources/extraResources/site-binaries-win32/php-7.3.6/ext\php_pdo_mysql.dll (%1 no es una aplicaci�n Win32 v�lida.), C:/Program Files (x86)/Local/resources/extraResources/site-binaries-win32/php-7.3.6/ext\php_php_pdo_mysql.dll.dll (No se puede encontrar el m�dulo especificado.)) in Unknown on line 0
[01-Jun-2021 18:01:36 UTC] PHP Warning:  PHP Startup: Unable to load dynamic library 'php_pdo_mysql.dll' (tried: C:/Program Files (x86)/Local/resources/extraResources/site-binaries-win32/php-7.3.6/ext\php_pdo_mysql.dll (%1 no es una aplicaci�n Win32 v�lida.), C:/Program Files (x86)/Local/resources/extraResources/site-binaries-win32/php-7.3.6/ext\php_php_pdo_mysql.dll.dll (No se puede encontrar el m�dulo especificado.)) in Unknown on line 0
[01-Jun-2021 18:01:47 UTC] PHP Fatal error:  Uncaught Error: Call to undefined function mysql_connect() in C:\Users\Usuario\Local Sites\afrodita\app\public\wp-includes\wp-db.php:1688
Stack trace:
#0 C:\Users\Usuario\Local Sites\afrodita\app\public\wp-includes\wp-db.php(632): wpdb->db_connect()
#1 C:\Users\Usuario\Local Sites\afrodita\app\public\wp-includes\load.php(545): wpdb->__construct('root', 'root', 'local', 'localhost')
#2 C:\Users\Usuario\Local Sites\afrodita\app\public\wp-settings.php(124): require_wp_db()
#3 phar://C:/Program Files (x86)/Local/resources/extraResources/bin/wp-cli/wp-cli.phar/vendor/wp-cli/wp-cli/php/WP_CLI/Runner.php(1237): require('C:\\Users\\Usuari...')
#4 phar://C:/Program Files (x86)/Local/resources/extraResources/bin/wp-cli/wp-cli.phar/vendor/wp-cli/wp-cli/php/WP_CLI/Runner.php(1158): WP_CLI\Runner->load_wordpress()
#5 phar://C:/Program Files (x86)/Local/resources/extraResources/bin/wp-cli/wp-cli.phar/vendor/wp-cli/wp-cli/php/WP_CLI/Bootstrap/LaunchRunner.php(23): WP_CLI\Runner->start()
#6 phar://C:/Program Files (x86)/Loca in C:\Users\Usuario\Local Sites\afrodita\app\public\wp-includes\wp-db.php on line 1688
[01-Jun-2021 18:04:43 UTC] PHP Warning:  Failed loading Zend extension 'php_opcache.dll' (tried: C:/Program Files (x86)/Local/resources/extraResources/site-binaries-win32/php-7.3.6/ext\php_opcache.dll (%1 no es una aplicaci�n Win32 v�lida.), C:/Program Files (x86)/Local/resources/extraResources/site-binaries-win32/php-7.3.6/ext\php_php_opcache.dll.dll (No se puede encontrar el m�dulo especificado.)) in Unknown on line 0
[01-Jun-2021 18:04:43 UTC] PHP Warning:  Failed loading Zend extension 'php_xdebug.dll' (tried: C:/Program Files (x86)/Local/resources/extraResources/site-binaries-win32/php-7.3.6/ext\php_xdebug.dll (%1 no es una aplicaci�n Win32 v�lida.), C:/Program Files (x86)/Local/resources/extraResources/site-binaries-win32/php-7.3.6/ext\php_php_xdebug.dll.dll (No se puede encontrar el m�dulo especificado.)) in Unknown on line 0
[01-Jun-2021 18:04:43 UTC] PHP Warning:  PHP Startup: Unable to load dynamic library 'php_curl.dll' (tried: C:/Program Files (x86)/Local/resources/extraResources/site-binaries-win32/php-7.3.6/ext\php_curl.dll (%1 no es una aplicaci�n Win32 v�lida.), C:/Program Files (x86)/Local/resources/extraResources/site-binaries-win32/php-7.3.6/ext\php_php_curl.dll.dll (No se puede encontrar el m�dulo especificado.)) in Unknown on line 0
[01-Jun-2021 18:04:43 UTC] PHP Warning:  PHP Startup: Unable to load dynamic library 'php_gettext.dll' (tried: C:/Program Files (x86)/Local/resources/extraResources/site-binaries-win32/php-7.3.6/ext\php_gettext.dll (%1 no es una aplicaci�n Win32 v�lida.), C:/Program Files (x86)/Local/resources/extraResources/site-binaries-win32/php-7.3.6/ext\php_php_gettext.dll.dll (No se puede encontrar el m�dulo especificado.)) in Unknown on line 0
[01-Jun-2021 18:04:43 UTC] PHP Warning:  PHP Startup: Unable to load dynamic library 'php_openssl.dll' (tried: C:/Program Files (x86)/Local/resources/extraResources/site-binaries-win32/php-7.3.6/ext\php_openssl.dll (%1 no es una aplicaci�n Win32 v�lida.), C:/Program Files (x86)/Local/resources/extraResources/site-binaries-win32/php-7.3.6/ext\php_php_openssl.dll.dll (No se puede encontrar el m�dulo especificado.)) in Unknown on line 0
[01-Jun-2021 18:04:43 UTC] PHP Warning:  PHP Startup: Unable to load dynamic library 'php_exif.dll' (tried: C:/Program Files (x86)/Local/resources/extraResources/site-binaries-win32/php-7.3.6/ext\php_exif.dll (%1 no es una aplicaci�n Win32 v�lida.), C:/Program Files (x86)/Local/resources/extraResources/site-binaries-win32/php-7.3.6/ext\php_php_exif.dll.dll (No se puede encontrar el m�dulo especificado.)) in Unknown on line 0
[01-Jun-2021 18:04:43 UTC] PHP Warning:  Failed loading Zend extension 'php_opcache.dll' (tried: C:/Program Files (x86)/Local/resources/extraResources/site-binaries-win32/php-7.3.6/ext\php_opcache.dll (%1 no es una aplicaci�n Win32 v�lida.), C:/Program Files (x86)/Local/resources/extraResources/site-binaries-win32/php-7.3.6/ext\php_php_opcache.dll.dll (No se puede encontrar el m�dulo especificado.)) in Unknown on line 0
[01-Jun-2021 18:04:43 UTC] PHP Warning:  PHP Startup: Unable to load dynamic library 'php_gd2.dll' (tried: C:/Program Files (x86)/Local/resources/extraResources/site-binaries-win32/php-7.3.6/ext\php_gd2.dll (%1 no es una aplicaci�n Win32 v�lida.), C:/Program Files (x86)/Local/resources/extraResources/site-binaries-win32/php-7.3.6/ext\php_php_gd2.dll.dll (No se puede encontrar el m�dulo especificado.)) in Unknown on line 0
[01-Jun-2021 18:04:43 UTC] PHP Warning:  Failed loading Zend extension 'php_xdebug.dll' (tried: C:/Program Files (x86)/Local/resources/extraResources/site-binaries-win32/php-7.3.6/ext\php_xdebug.dll (%1 no es una aplicaci�n Win32 v�lida.), C:/Program Files (x86)/Local/resources/extraResources/site-binaries-win32/php-7.3.6/ext\php_php_xdebug.dll.dll (No se puede encontrar el m�dulo especificado.)) in Unknown on line 0
[01-Jun-2021 18:04:43 UTC] PHP Warning:  PHP Startup: Unable to load dynamic library 'php_ftp.dll' (tried: C:/Program Files (x86)/Local/resources/extraResources/site-binaries-win32/php-7.3.6/ext\php_ftp.dll (%1 no es una aplicaci�n Win32 v�lida.), C:/Program Files (x86)/Local/resources/extraResources/site-binaries-win32/php-7.3.6/ext\php_php_ftp.dll.dll (No se puede encontrar el m�dulo especificado.)) in Unknown on line 0
[01-Jun-2021 18:04:43 UTC] PHP Warning:  PHP Startup: Unable to load dynamic library 'php_curl.dll' (tried: C:/Program Files (x86)/Local/resources/extraResources/site-binaries-win32/php-7.3.6/ext\php_curl.dll (%1 no es una aplicaci�n Win32 v�lida.), C:/Program Files (x86)/Local/resources/extraResources/site-binaries-win32/php-7.3.6/ext\php_php_curl.dll.dll (No se puede encontrar el m�dulo especificado.)) in Unknown on line 0
[01-Jun-2021 18:04:43 UTC] PHP Warning:  PHP Startup: Unable to load dynamic library 'php_imap.dll' (tried: C:/Program Files (x86)/Local/resources/extraResources/site-binaries-win32/php-7.3.6/ext\php_imap.dll (%1 no es una aplicaci�n Win32 v�lida.), C:/Program Files (x86)/Local/resources/extraResources/site-binaries-win32/php-7.3.6/ext\php_php_imap.dll.dll (No se puede encontrar el m�dulo especificado.)) in Unknown on line 0
[01-Jun-2021 18:04:43 UTC] PHP Warning:  PHP Startup: Unable to load dynamic library 'php_gettext.dll' (tried: C:/Program Files (x86)/Local/resources/extraResources/site-binaries-win32/php-7.3.6/ext\php_gettext.dll (%1 no es una aplicaci�n Win32 v�lida.), C:/Program Files (x86)/Local/resources/extraResources/site-binaries-win32/php-7.3.6/ext\php_php_gettext.dll.dll (No se puede encontrar el m�dulo especificado.)) in Unknown on line 0
[01-Jun-2021 18:04:43 UTC] PHP Warning:  PHP Startup: Unable to load dynamic library 'php_bz2.dll' (tried: C:/Program Files (x86)/Local/resources/extraResources/site-binaries-win32/php-7.3.6/ext\php_bz2.dll (%1 no es una aplicaci�n Win32 v�lida.), C:/Program Files (x86)/Local/resources/extraResources/site-binaries-win32/php-7.3.6/ext\php_php_bz2.dll.dll (No se puede encontrar el m�dulo especificado.)) in Unknown on line 0
[01-Jun-2021 18:04:43 UTC] PHP Warning:  PHP Startup: Unable to load dynamic library 'php_openssl.dll' (tried: C:/Program Files (x86)/Local/resources/extraResources/site-binaries-win32/php-7.3.6/ext\php_openssl.dll (%1 no es una aplicaci�n Win32 v�lida.), C:/Program Files (x86)/Local/resources/extraResources/site-binaries-win32/php-7.3.6/ext\php_php_openssl.dll.dll (No se puede encontrar el m�dulo especificado.)) in Unknown on line 0
[01-Jun-2021 18:04:43 UTC] PHP Warning:  PHP Startup: Unable to load dynamic library 'php_mbstring.dll' (tried: C:/Program Files (x86)/Local/resources/extraResources/site-binaries-win32/php-7.3.6/ext\php_mbstring.dll (%1 no es una aplicaci�n Win32 v�lida.), C:/Program Files (x86)/Local/resources/extraResources/site-binaries-win32/php-7.3.6/ext\php_php_mbstring.dll.dll (No se puede encontrar el m�dulo especificado.)) in Unknown on line 0
[01-Jun-2021 18:04:43 UTC] PHP Warning:  PHP Startup: Unable to load dynamic library 'php_exif.dll' (tried: C:/Program Files (x86)/Local/resources/extraResources/site-binaries-win32/php-7.3.6/ext\php_exif.dll (%1 no es una aplicaci�n Win32 v�lida.), C:/Program Files (x86)/Local/resources/extraResources/site-binaries-win32/php-7.3.6/ext\php_php_exif.dll.dll (No se puede encontrar el m�dulo especificado.)) in Unknown on line 0
[01-Jun-2021 18:04:43 UTC] PHP Warning:  PHP Startup: Unable to load dynamic library 'php_sodium.dll' (tried: C:/Program Files (x86)/Local/resources/extraResources/site-binaries-win32/php-7.3.6/ext\php_sodium.dll (%1 no es una aplicaci�n Win32 v�lida.), C:/Program Files (x86)/Local/resources/extraResources/site-binaries-win32/php-7.3.6/ext\php_php_sodium.dll.dll (No se puede encontrar el m�dulo especificado.)) in Unknown on line 0
[01-Jun-2021 18:04:43 UTC] PHP Warning:  PHP Startup: Unable to load dynamic library 'php_gd2.dll' (tried: C:/Program Files (x86)/Local/resources/extraResources/site-binaries-win32/php-7.3.6/ext\php_gd2.dll (%1 no es una aplicaci�n Win32 v�lida.), C:/Program Files (x86)/Local/resources/extraResources/site-binaries-win32/php-7.3.6/ext\php_php_gd2.dll.dll (No se puede encontrar el m�dulo especificado.)) in Unknown on line 0
[01-Jun-2021 18:04:43 UTC] PHP Warning:  PHP Startup: Unable to load dynamic library 'php_tidy.dll' (tried: C:/Program Files (x86)/Local/resources/extraResources/site-binaries-win32/php-7.3.6/ext\php_tidy.dll (%1 no es una aplicaci�n Win32 v�lida.), C:/Program Files (x86)/Local/resources/extraResources/site-binaries-win32/php-7.3.6/ext\php_php_tidy.dll.dll (No se puede encontrar el m�dulo especificado.)) in Unknown on line 0
[01-Jun-2021 18:04:43 UTC] PHP Warning:  PHP Startup: Unable to load dynamic library 'php_ftp.dll' (tried: C:/Program Files (x86)/Local/resources/extraResources/site-binaries-win32/php-7.3.6/ext\php_ftp.dll (%1 no es una aplicaci�n Win32 v�lida.), C:/Program Files (x86)/Local/resources/extraResources/site-binaries-win32/php-7.3.6/ext\php_php_ftp.dll.dll (No se puede encontrar el m�dulo especificado.)) in Unknown on line 0
[01-Jun-2021 18:04:43 UTC] PHP Warning:  PHP Startup: Unable to load dynamic library 'php_xsl.dll' (tried: C:/Program Files (x86)/Local/resources/extraResources/site-binaries-win32/php-7.3.6/ext\php_xsl.dll (%1 no es una aplicaci�n Win32 v�lida.), C:/Program Files (x86)/Local/resources/extraResources/site-binaries-win32/php-7.3.6/ext\php_php_xsl.dll.dll (No se puede encontrar el m�dulo especificado.)) in Unknown on line 0
[01-Jun-2021 18:04:43 UTC] PHP Warning:  PHP Startup: Unable to load dynamic library 'php_imap.dll' (tried: C:/Program Files (x86)/Local/resources/extraResources/site-binaries-win32/php-7.3.6/ext\php_imap.dll (%1 no es una aplicaci�n Win32 v�lida.), C:/Program Files (x86)/Local/resources/extraResources/site-binaries-win32/php-7.3.6/ext\php_php_imap.dll.dll (No se puede encontrar el m�dulo especificado.)) in Unknown on line 0
[01-Jun-2021 18:04:43 UTC] PHP Warning:  PHP Startup: Unable to load dynamic library 'php_xmlrpc.dll' (tried: C:/Program Files (x86)/Local/resources/extraResources/site-binaries-win32/php-7.3.6/ext\php_xmlrpc.dll (%1 no es una aplicaci�n Win32 v�lida.), C:/Program Files (x86)/Local/resources/extraResources/site-binaries-win32/php-7.3.6/ext\php_php_xmlrpc.dll.dll (No se puede encontrar el m�dulo especificado.)) in Unknown on line 0
[01-Jun-2021 18:04:43 UTC] PHP Warning:  PHP Startup: Unable to load dynamic library 'php_bz2.dll' (tried: C:/Program Files (x86)/Local/resources/extraResources/site-binaries-win32/php-7.3.6/ext\php_bz2.dll (%1 no es una aplicaci�n Win32 v�lida.), C:/Program Files (x86)/Local/resources/extraResources/site-binaries-win32/php-7.3.6/ext\php_php_bz2.dll.dll (No se puede encontrar el m�dulo especificado.)) in Unknown on line 0
[01-Jun-2021 18:04:43 UTC] PHP Warning:  PHP Startup: Unable to load dynamic library 'php_soap.dll' (tried: C:/Program Files (x86)/Local/resources/extraResources/site-binaries-win32/php-7.3.6/ext\php_soap.dll (%1 no es una aplicaci�n Win32 v�lida.), C:/Program Files (x86)/Local/resources/extraResources/site-binaries-win32/php-7.3.6/ext\php_php_soap.dll.dll (No se puede encontrar el m�dulo especificado.)) in Unknown on line 0
[01-Jun-2021 18:04:43 UTC] PHP Warning:  PHP Startup: Unable to load dynamic library 'php_mbstring.dll' (tried: C:/Program Files (x86)/Local/resources/extraResources/site-binaries-win32/php-7.3.6/ext\php_mbstring.dll (%1 no es una aplicaci�n Win32 v�lida.), C:/Program Files (x86)/Local/resources/extraResources/site-binaries-win32/php-7.3.6/ext\php_php_mbstring.dll.dll (No se puede encontrar el m�dulo especificado.)) in Unknown on line 0
[01-Jun-2021 18:04:43 UTC] PHP Warning:  PHP Startup: Unable to load dynamic library 'php_mysqli.dll' (tried: C:/Program Files (x86)/Local/resources/extraResources/site-binaries-win32/php-7.3.6/ext\php_mysqli.dll (%1 no es una aplicaci�n Win32 v�lida.), C:/Program Files (x86)/Local/resources/extraResources/site-binaries-win32/php-7.3.6/ext\php_php_mysqli.dll.dll (No se puede encontrar el m�dulo especificado.)) in Unknown on line 0
[01-Jun-2021 18:04:43 UTC] PHP Warning:  PHP Startup: Unable to load dynamic library 'php_sodium.dll' (tried: C:/Program Files (x86)/Local/resources/extraResources/site-binaries-win32/php-7.3.6/ext\php_sodium.dll (%1 no es una aplicaci�n Win32 v�lida.), C:/Program Files (x86)/Local/resources/extraResources/site-binaries-win32/php-7.3.6/ext\php_php_sodium.dll.dll (No se puede encontrar el m�dulo especificado.)) in Unknown on line 0
[01-Jun-2021 18:04:43 UTC] PHP Warning:  PHP Startup: Unable to load dynamic library 'php_pdo_mysql.dll' (tried: C:/Program Files (x86)/Local/resources/extraResources/site-binaries-win32/php-7.3.6/ext\php_pdo_mysql.dll (%1 no es una aplicaci�n Win32 v�lida.), C:/Program Files (x86)/Local/resources/extraResources/site-binaries-win32/php-7.3.6/ext\php_php_pdo_mysql.dll.dll (No se puede encontrar el m�dulo especificado.)) in Unknown on line 0
[01-Jun-2021 18:04:43 UTC] PHP Warning:  PHP Startup: Unable to load dynamic library 'php_tidy.dll' (tried: C:/Program Files (x86)/Local/resources/extraResources/site-binaries-win32/php-7.3.6/ext\php_tidy.dll (%1 no es una aplicaci�n Win32 v�lida.), C:/Program Files (x86)/Local/resources/extraResources/site-binaries-win32/php-7.3.6/ext\php_php_tidy.dll.dll (No se puede encontrar el m�dulo especificado.)) in Unknown on line 0
[01-Jun-2021 18:04:43 UTC] PHP Warning:  PHP Startup: Unable to load dynamic library 'php_xsl.dll' (tried: C:/Program Files (x86)/Local/resources/extraResources/site-binaries-win32/php-7.3.6/ext\php_xsl.dll (%1 no es una aplicaci�n Win32 v�lida.), C:/Program Files (x86)/Local/resources/extraResources/site-binaries-win32/php-7.3.6/ext\php_php_xsl.dll.dll (No se puede encontrar el m�dulo especificado.)) in Unknown on line 0
[01-Jun-2021 18:04:43 UTC] PHP Warning:  PHP Startup: Unable to load dynamic library 'php_xmlrpc.dll' (tried: C:/Program Files (x86)/Local/resources/extraResources/site-binaries-win32/php-7.3.6/ext\php_xmlrpc.dll (%1 no es una aplicaci�n Win32 v�lida.), C:/Program Files (x86)/Local/resources/extraResources/site-binaries-win32/php-7.3.6/ext\php_php_xmlrpc.dll.dll (No se puede encontrar el m�dulo especificado.)) in Unknown on line 0
[01-Jun-2021 18:04:43 UTC] PHP Warning:  PHP Startup: Unable to load dynamic library 'php_soap.dll' (tried: C:/Program Files (x86)/Local/resources/extraResources/site-binaries-win32/php-7.3.6/ext\php_soap.dll (%1 no es una aplicaci�n Win32 v�lida.), C:/Program Files (x86)/Local/resources/extraResources/site-binaries-win32/php-7.3.6/ext\php_php_soap.dll.dll (No se puede encontrar el m�dulo especificado.)) in Unknown on line 0
[01-Jun-2021 18:04:43 UTC] PHP Warning:  PHP Startup: Unable to load dynamic library 'php_mysqli.dll' (tried: C:/Program Files (x86)/Local/resources/extraResources/site-binaries-win32/php-7.3.6/ext\php_mysqli.dll (%1 no es una aplicaci�n Win32 v�lida.), C:/Program Files (x86)/Local/resources/extraResources/site-binaries-win32/php-7.3.6/ext\php_php_mysqli.dll.dll (No se puede encontrar el m�dulo especificado.)) in Unknown on line 0
[01-Jun-2021 18:04:43 UTC] PHP Warning:  PHP Startup: Unable to load dynamic library 'php_pdo_mysql.dll' (tried: C:/Program Files (x86)/Local/resources/extraResources/site-binaries-win32/php-7.3.6/ext\php_pdo_mysql.dll (%1 no es una aplicaci�n Win32 v�lida.), C:/Program Files (x86)/Local/resources/extraResources/site-binaries-win32/php-7.3.6/ext\php_php_pdo_mysql.dll.dll (No se puede encontrar el m�dulo especificado.)) in Unknown on line 0
[01-Jun-2021 18:04:43 UTC] PHP Fatal error:  Uncaught Error: Call to undefined function mysql_connect() in C:\Users\Usuario\Local Sites\afrodita\app\public\wp-includes\wp-db.php:1688
Stack trace:
#0 C:\Users\Usuario\Local Sites\afrodita\app\public\wp-includes\wp-db.php(632): wpdb->db_connect()
#1 C:\Users\Usuario\Local Sites\afrodita\app\public\wp-includes\load.php(545): wpdb->__construct('root', 'root', 'local', 'localhost')
#2 C:\Users\Usuario\Local Sites\afrodita\app\public\wp-settings.php(124): require_wp_db()
#3 phar://C:/Program Files (x86)/Local/resources/extraResources/bin/wp-cli/wp-cli.phar/vendor/wp-cli/wp-cli/php/WP_CLI/Runner.php(1237): require('C:\\Users\\Usuari...')
#4 phar://C:/Program Files (x86)/Local/resources/extraResources/bin/wp-cli/wp-cli.phar/vendor/wp-cli/wp-cli/php/WP_CLI/Runner.php(1158): WP_CLI\Runner->load_wordpress()
#5 phar://C:/Program Files (x86)/Local/resources/extraResources/bin/wp-cli/wp-cli.phar/vendor/wp-cli/wp-cli/php/WP_CLI/Bootstrap/LaunchRunner.php(23): WP_CLI\Runner->start()
#6 phar://C:/Program Files (x86)/Loca in C:\Users\Usuario\Local Sites\afrodita\app\public\wp-includes\wp-db.php on line 1688
[01-Jun-2021 18:08:48 UTC] Shell mysql dump error. Change SQL Script to the "PHP Code" in the Duplicator > Settings > Packages. DETAIL:
[01-Jun-2021 18:08:48 UTC] Runtime error in DUP_Database::Build. Shell mysql dump error. Change SQL Script to the "PHP Code" in the Duplicator > Settings > Packages. DETAIL:Exception: Exception: Shell mysql dump error. Change SQL Script to the "PHP Code" in the Duplicator > Settings > Packages. in C:\Users\Usuario\Local Sites\afrodita\app\public\wp-content\plugins\duplicator\classes\class.logging.php:284
Stack trace:
#0 C:\Users\Usuario\Local Sites\afrodita\app\public\wp-content\plugins\duplicator\classes\package\class.pack.database.php(572): DUP_Log::error('Shell mysql dum...', '', 1)
#1 C:\Users\Usuario\Local Sites\afrodita\app\public\wp-content\plugins\duplicator\classes\package\class.pack.database.php(208): DUP_Database->mysqlDump('C:/xampp/mysql/...')
#2 C:\Users\Usuario\Local Sites\afrodita\app\public\wp-content\plugins\duplicator\classes\package\class.pack.php(1316): DUP_Database->build(Object(DUP_Package), 1)
#3 C:\Users\Usuario\Local Sites\afrodita\app\public\wp-content\plugins\duplicator\ctrls\ctrl.package.php(98): DUP_Package->runZipBuild()
#4 C:\Users\Usuario\Local Sites\afrodita\app\public\wp-includes\class-wp-hook.php(292): duplicator_package_build('')
#5 C:\Users\Usuario\Local Sites\afrodita\app\public\wp-includes\class-wp-hook.php(316): WP_Hook->apply_filters('', Array)
#6 C:\Users\Usuario\Local Sites\afrodita\app\public\wp-includes\plugin.php(484): WP_Hook->do_action(Array)
#7 C:\Users\Usuario\Local Sites\afrodita\app\public\wp-admin\admin-ajax.php(187): do_action('wp_ajax_duplica...')
#8 {main}
[01-Jun-2021 18:45:37 UTC] Shell mysql dump error. Change SQL Script to the "PHP Code" in the Duplicator > Settings > Packages. DETAIL:
[01-Jun-2021 18:45:37 UTC] Runtime error in DUP_Database::Build. Shell mysql dump error. Change SQL Script to the "PHP Code" in the Duplicator > Settings > Packages. DETAIL:Exception: Exception: Shell mysql dump error. Change SQL Script to the "PHP Code" in the Duplicator > Settings > Packages. in C:\Users\Usuario\Local Sites\afrodita\app\public\wp-content\plugins\duplicator\classes\class.logging.php:284
Stack trace:
#0 C:\Users\Usuario\Local Sites\afrodita\app\public\wp-content\plugins\duplicator\classes\package\class.pack.database.php(572): DUP_Log::error('Shell mysql dum...', '', 1)
#1 C:\Users\Usuario\Local Sites\afrodita\app\public\wp-content\plugins\duplicator\classes\package\class.pack.database.php(208): DUP_Database->mysqlDump('C:/xampp/mysql/...')
#2 C:\Users\Usuario\Local Sites\afrodita\app\public\wp-content\plugins\duplicator\classes\package\class.pack.php(1316): DUP_Database->build(Object(DUP_Package), 1)
#3 C:\Users\Usuario\Local Sites\afrodita\app\public\wp-content\plugins\duplicator\ctrls\ctrl.package.php(98): DUP_Package->runZipBuild()
#4 C:\Users\Usuario\Local Sites\afrodita\app\public\wp-includes\class-wp-hook.php(292): duplicator_package_build('')
#5 C:\Users\Usuario\Local Sites\afrodita\app\public\wp-includes\class-wp-hook.php(316): WP_Hook->apply_filters('', Array)
#6 C:\Users\Usuario\Local Sites\afrodita\app\public\wp-includes\plugin.php(484): WP_Hook->do_action(Array)
#7 C:\Users\Usuario\Local Sites\afrodita\app\public\wp-admin\admin-ajax.php(187): do_action('wp_ajax_duplica...')
#8 {main}
